0 info it worked if it ends with ok
1 verbose cli [ 'C:\\Program Files\\nodejs\\node.exe',
1 verbose cli   'C:\\Program Files\\nodejs\\node_modules\\npm\\bin\\npm-cli.js',
1 verbose cli   '--prefix',
1 verbose cli   'C:\\Users\\pacho\\Desktop\\Sandbox\\cuckoo\\functions',
1 verbose cli   'run',
1 verbose cli   'lint' ]
2 info using npm@3.10.10
3 info using node@v6.11.0
4 verbose run-script [ 'prelint', 'lint', 'postlint' ]
5 info lifecycle functions@~prelint: functions@
6 silly lifecycle functions@~prelint: no script for prelint, continuing
7 info lifecycle functions@~lint: functions@
8 verbose lifecycle functions@~lint: unsafe-perm in lifecycle true
9 verbose lifecycle functions@~lint: PATH: C:\Program Files\nodejs\node_modules\npm\bin\node-gyp-bin;C:\Users\pacho\Desktop\Sandbox\cuckoo\functions\node_modules\.bin;C:\Program Files (x86)\cmder\bin;C:\Program Files (x86)\cmder\vendor\conemu-maximus5\ConEmu\Scripts;C:\Program Files (x86)\cmder\vendor\conemu-maximus5;C:\Program Files (x86)\cmder\vendor\conemu-maximus5\ConEmu;C:\ProgramData\Oracle\Java\javapath;C:\Program Files\NVIDIA GPU Computing Toolkit\CUDA\v9.0\bin;C:\Program Files\NVIDIA GPU Computing Toolkit\CUDA\v9.0\libnvvp;C:\WINDOWS\system32;C:\WINDOWS;C:\WINDOWS\System32\Wbem;C:\WINDOWS\System32\WindowsPowerShell\v1.0\;C:\Program Files (x86)\Windows Kits\8.1\Windows Performance Toolkit\;C:\Program Files (x86)\NVIDIA Corporation\PhysX\Common;C:\Program Files\nodejs\;C:\Program Files\Git\cmd;C:\WINDOWS\system32;C:\WINDOWS;C:\WINDOWS\System32\Wbem;C:\WINDOWS\System32\WindowsPowerShell\v1.0\;C:\Users\pacho\AppData\Local\Microsoft\WindowsApps;C:\Users\pacho\AppData\Local\atom\bin;C:\Users\pacho\AppData\Roaming\npm;C:\Program Files\Heroku\bin;C:\Program Files\MongoDB\Server\3.4\bin;C:\Users\pacho\AppData\Local\Microsoft\WindowsApps;C:\Users\pacho\Anaconda3\Scripts;C:\Program Files (x86)\Microsoft Visual Studio 14.0\VC\bin;C:\Program Files\Redis;C:\Program Files\nodejs\node_modules\npm\bin\node-gyp-bin;;C:\Program Files\Git\usr\bin;C:\Program Files\Git\usr\share\vim\vim74;C:\Program Files (x86)\cmder\
10 verbose lifecycle functions@~lint: CWD: C:\Users\pacho\Desktop\Sandbox\cuckoo\functions
11 silly lifecycle functions@~lint: Args: [ '/d /s /c', 'eslint .' ]
12 silly lifecycle functions@~lint: Returned: code: 1  signal: null
13 info lifecycle functions@~lint: Failed to exec lint script
14 verbose stack Error: functions@ lint: `eslint .`
14 verbose stack Exit status 1
14 verbose stack     at EventEmitter.<anonymous> (C:\Program Files\nodejs\node_modules\npm\lib\utils\lifecycle.js:255:16)
14 verbose stack     at emitTwo (events.js:106:13)
14 verbose stack     at EventEmitter.emit (events.js:191:7)
14 verbose stack     at ChildProcess.<anonymous> (C:\Program Files\nodejs\node_modules\npm\lib\utils\spawn.js:40:14)
14 verbose stack     at emitTwo (events.js:106:13)
14 verbose stack     at ChildProcess.emit (events.js:191:7)
14 verbose stack     at maybeClose (internal/child_process.js:891:16)
14 verbose stack     at Process.ChildProcess._handle.onexit (internal/child_process.js:226:5)
15 verbose pkgid functions@
16 verbose cwd C:\Users\pacho\Desktop\Sandbox\cuckoo
17 error Windows_NT 10.0.15063
18 error argv "C:\\Program Files\\nodejs\\node.exe" "C:\\Program Files\\nodejs\\node_modules\\npm\\bin\\npm-cli.js" "--prefix" "C:\\Users\\pacho\\Desktop\\Sandbox\\cuckoo\\functions" "run" "lint"
19 error node v6.11.0
20 error npm  v3.10.10
21 error code ELIFECYCLE
22 error functions@ lint: `eslint .`
22 error Exit status 1
23 error Failed at the functions@ lint script 'eslint .'.
23 error Make sure you have the latest version of node.js and npm installed.
23 error If you do, this is most likely a problem with the functions package,
23 error not with npm itself.
23 error Tell the author that this fails on your system:
23 error     eslint .
23 error You can get information on how to open an issue for this project with:
23 error     npm bugs functions
23 error Or if that isn't available, you can get their info via:
23 error     npm owner ls functions
23 error There is likely additional logging output above.
24 verbose exit [ 1, true ]
